2025-02-14 15:00:38,337 - RecursionVisualizer - INFO - RecursionVisualizer 초기화 시작
2025-02-14 15:00:38,924 - RecursionVisualizer - INFO - RecursionVisualizer 초기화 완료
2025-02-14 15:00:40,462 - RecursionVisualizer - INFO - 시뮬레이션 시작
2025-02-14 15:00:40,462 - RecursionVisualizer - INFO - 시뮬레이션 리셋
2025-02-14 15:00:41,462 - RecursionVisualizer - DEBUG - 함수 호출 추가: fibonacci(4)
2025-02-14 15:00:41,498 - RecursionVisualizer - DEBUG - 성능 측정 - 레이아웃 업데이트: 0.000초
2025-02-14 15:00:41,498 - RecursionVisualizer - DEBUG - 레이아웃 업데이트 - 전체 노드: 1, 수정된 노드: 1
2025-02-14 15:00:41,772 - RecursionVisualizer - INFO - 시뮬레이션 시작
2025-02-14 15:00:41,773 - RecursionVisualizer - INFO - 시뮬레이션 리셋
2025-02-14 15:00:42,777 - RecursionVisualizer - DEBUG - 함수 호출 추가: fibonacci(4)
2025-02-14 15:00:42,793 - RecursionVisualizer - DEBUG - 성능 측정 - 레이아웃 업데이트: 0.000초
2025-02-14 15:00:42,793 - RecursionVisualizer - DEBUG - 레이아웃 업데이트 - 전체 노드: 1, 수정된 노드: 1
2025-02-14 15:00:43,782 - RecursionVisualizer - DEBUG - 코드 하이라이트: 기저 조건
2025-02-14 15:00:44,788 - RecursionVisualizer - DEBUG - 코드 하이라이트: 재귀 호출
2025-02-14 15:00:45,779 - RecursionVisualizer - DEBUG - 함수 호출 추가: fibonacci(3)
2025-02-14 15:00:45,789 - RecursionVisualizer - DEBUG - 성능 측정 - 레이아웃 업데이트: 0.000초
2025-02-14 15:00:45,789 - RecursionVisualizer - DEBUG - 레이아웃 업데이트 - 전체 노드: 2, 수정된 노드: 2
2025-02-14 15:00:46,792 - RecursionVisualizer - DEBUG - 코드 하이라이트: 기저 조건
2025-02-14 15:00:47,797 - RecursionVisualizer - DEBUG - 코드 하이라이트: 재귀 호출
2025-02-14 15:00:48,805 - RecursionVisualizer - DEBUG - 함수 호출 추가: fibonacci(2)
2025-02-14 15:00:48,816 - RecursionVisualizer - DEBUG - 성능 측정 - 레이아웃 업데이트: 0.000초
2025-02-14 15:00:48,816 - RecursionVisualizer - DEBUG - 레이아웃 업데이트 - 전체 노드: 3, 수정된 노드: 2
2025-02-14 15:00:49,813 - RecursionVisualizer - DEBUG - 코드 하이라이트: 기저 조건
2025-02-14 15:00:50,827 - RecursionVisualizer - DEBUG - 코드 하이라이트: 재귀 호출
2025-02-14 15:00:51,827 - RecursionVisualizer - DEBUG - 함수 호출 추가: fibonacci(1)
2025-02-14 15:00:51,839 - RecursionVisualizer - DEBUG - 성능 측정 - 레이아웃 업데이트: 0.000초
2025-02-14 15:00:51,839 - RecursionVisualizer - DEBUG - 레이아웃 업데이트 - 전체 노드: 4, 수정된 노드: 2
2025-02-14 15:00:52,843 - RecursionVisualizer - DEBUG - 코드 하이라이트: 기저 조건
2025-02-14 15:00:53,843 - RecursionVisualizer - DEBUG - 결과 업데이트: fibonacci(1) = 1
2025-02-14 15:00:54,853 - RecursionVisualizer - DEBUG - 함수 호출 완료: fibonacci(1)
2025-02-14 15:00:55,860 - RecursionVisualizer - DEBUG - 코드 하이라이트: 재귀 호출
2025-02-14 15:00:56,869 - RecursionVisualizer - DEBUG - 함수 호출 추가: fibonacci(0)
2025-02-14 15:00:56,877 - RecursionVisualizer - DEBUG - 성능 측정 - 레이아웃 업데이트: 0.000초
2025-02-14 15:00:56,877 - RecursionVisualizer - DEBUG - 레이아웃 업데이트 - 전체 노드: 5, 수정된 노드: 3
2025-02-14 15:00:57,877 - RecursionVisualizer - DEBUG - 코드 하이라이트: 기저 조건
2025-02-14 15:00:58,887 - RecursionVisualizer - DEBUG - 결과 업데이트: fibonacci(0) = 0
2025-02-14 15:00:59,891 - RecursionVisualizer - DEBUG - 함수 호출 완료: fibonacci(0)
2025-02-14 15:01:00,885 - RecursionVisualizer - DEBUG - 코드 하이라이트: 반환
2025-02-14 15:01:01,891 - RecursionVisualizer - DEBUG - 결과 업데이트: fibonacci(2) = 1
2025-02-14 15:01:02,889 - RecursionVisualizer - DEBUG - 함수 호출 완료: fibonacci(2)
2025-02-14 15:01:03,893 - RecursionVisualizer - DEBUG - 코드 하이라이트: 재귀 호출
2025-02-14 15:01:04,883 - RecursionVisualizer - DEBUG - 함수 호출 추가: fibonacci(1)
2025-02-14 15:01:04,893 - RecursionVisualizer - DEBUG - 성능 측정 - 레이아웃 업데이트: 0.000초
2025-02-14 15:01:04,893 - RecursionVisualizer - DEBUG - 레이아웃 업데이트 - 전체 노드: 6, 수정된 노드: 4
2025-02-14 15:01:05,893 - RecursionVisualizer - DEBUG - 코드 하이라이트: 기저 조건
2025-02-14 15:01:06,883 - RecursionVisualizer - DEBUG - 결과 업데이트: fibonacci(1) = 1
2025-02-14 15:01:07,891 - RecursionVisualizer - DEBUG - 함수 호출 완료: fibonacci(1)
2025-02-14 15:01:08,884 - RecursionVisualizer - DEBUG - 코드 하이라이트: 반환
2025-02-14 15:01:09,891 - RecursionVisualizer - DEBUG - 결과 업데이트: fibonacci(3) = 2
2025-02-14 15:01:10,884 - RecursionVisualizer - DEBUG - 함수 호출 완료: fibonacci(3)
2025-02-14 15:01:11,893 - RecursionVisualizer - DEBUG - 코드 하이라이트: 재귀 호출
2025-02-14 15:01:12,883 - RecursionVisualizer - DEBUG - 함수 호출 추가: fibonacci(2)
2025-02-14 15:01:12,890 - RecursionVisualizer - DEBUG - 성능 측정 - 레이아웃 업데이트: 0.001초
2025-02-14 15:01:12,890 - RecursionVisualizer - DEBUG - 레이아웃 업데이트 - 전체 노드: 7, 수정된 노드: 4
2025-02-14 15:01:13,893 - RecursionVisualizer - DEBUG - 코드 하이라이트: 기저 조건
2025-02-14 15:01:14,886 - RecursionVisualizer - DEBUG - 코드 하이라이트: 재귀 호출
2025-02-14 15:01:15,891 - RecursionVisualizer - DEBUG - 함수 호출 추가: fibonacci(1)
2025-02-14 15:01:15,902 - RecursionVisualizer - DEBUG - 성능 측정 - 레이아웃 업데이트: 0.000초
2025-02-14 15:01:15,903 - RecursionVisualizer - DEBUG - 레이아웃 업데이트 - 전체 노드: 8, 수정된 노드: 2
2025-02-14 15:01:16,885 - RecursionVisualizer - DEBUG - 코드 하이라이트: 기저 조건
2025-02-14 15:01:17,891 - RecursionVisualizer - DEBUG - 결과 업데이트: fibonacci(1) = 1
2025-02-14 15:01:18,883 - RecursionVisualizer - DEBUG - 함수 호출 완료: fibonacci(1)
2025-02-14 15:01:19,892 - RecursionVisualizer - DEBUG - 코드 하이라이트: 재귀 호출
2025-02-14 15:01:20,883 - RecursionVisualizer - DEBUG - 함수 호출 추가: fibonacci(0)
2025-02-14 15:01:20,890 - RecursionVisualizer - DEBUG - 성능 측정 - 레이아웃 업데이트: 0.000초
2025-02-14 15:01:20,890 - RecursionVisualizer - DEBUG - 레이아웃 업데이트 - 전체 노드: 9, 수정된 노드: 3
2025-02-14 15:01:21,893 - RecursionVisualizer - DEBUG - 코드 하이라이트: 기저 조건
2025-02-14 15:01:22,883 - RecursionVisualizer - DEBUG - 결과 업데이트: fibonacci(0) = 0
2025-02-14 15:01:23,891 - RecursionVisualizer - DEBUG - 함수 호출 완료: fibonacci(0)
2025-02-14 15:01:24,885 - RecursionVisualizer - DEBUG - 코드 하이라이트: 반환
2025-02-14 15:01:25,891 - RecursionVisualizer - DEBUG - 결과 업데이트: fibonacci(2) = 1
2025-02-14 15:01:26,883 - RecursionVisualizer - DEBUG - 함수 호출 완료: fibonacci(2)
2025-02-14 15:01:27,893 - RecursionVisualizer - DEBUG - 코드 하이라이트: 반환
2025-02-14 15:01:28,883 - RecursionVisualizer - DEBUG - 결과 업데이트: fibonacci(4) = 3
2025-02-14 15:01:29,891 - RecursionVisualizer - DEBUG - 함수 호출 완료: fibonacci(4)
2025-02-14 15:01:30,883 - RecursionVisualizer - INFO - 시뮬레이션 완료
2025-02-14 15:01:36,494 - RecursionVisualizer - INFO - 시뮬레이션 시작
2025-02-14 15:01:36,494 - RecursionVisualizer - INFO - 시뮬레이션 리셋
2025-02-14 15:01:37,512 - RecursionVisualizer - DEBUG - 함수 호출 추가: hanoi(4, A, C, B)
2025-02-14 15:01:37,531 - RecursionVisualizer - DEBUG - 성능 측정 - 레이아웃 업데이트: 0.000초
2025-02-14 15:01:37,531 - RecursionVisualizer - DEBUG - 레이아웃 업데이트 - 전체 노드: 1, 수정된 노드: 1
2025-02-14 15:01:38,525 - RecursionVisualizer - DEBUG - 코드 하이라이트: 기저 조건
2025-02-14 15:01:39,539 - RecursionVisualizer - DEBUG - 코드 하이라이트: 재귀 호출
2025-02-14 15:01:40,531 - RecursionVisualizer - DEBUG - 함수 호출 추가: hanoi(3, A, B, C)
2025-02-14 15:01:40,539 - RecursionVisualizer - DEBUG - 성능 측정 - 레이아웃 업데이트: 0.000초
2025-02-14 15:01:40,539 - RecursionVisualizer - DEBUG - 레이아웃 업데이트 - 전체 노드: 2, 수정된 노드: 2
2025-02-14 15:01:41,555 - RecursionVisualizer - DEBUG - 코드 하이라이트: 기저 조건
2025-02-14 15:01:42,557 - RecursionVisualizer - DEBUG - 코드 하이라이트: 재귀 호출
2025-02-14 15:01:43,557 - RecursionVisualizer - DEBUG - 함수 호출 추가: hanoi(2, A, C, B)
2025-02-14 15:01:43,566 - RecursionVisualizer - DEBUG - 성능 측정 - 레이아웃 업데이트: 0.000초
2025-02-14 15:01:43,566 - RecursionVisualizer - DEBUG - 레이아웃 업데이트 - 전체 노드: 3, 수정된 노드: 2
2025-02-14 15:01:44,573 - RecursionVisualizer - DEBUG - 코드 하이라이트: 기저 조건
2025-02-14 15:01:45,565 - RecursionVisualizer - DEBUG - 코드 하이라이트: 재귀 호출
2025-02-14 15:01:46,563 - RecursionVisualizer - DEBUG - 함수 호출 추가: hanoi(1, A, B, C)
2025-02-14 15:01:46,573 - RecursionVisualizer - DEBUG - 성능 측정 - 레이아웃 업데이트: 0.000초
2025-02-14 15:01:46,573 - RecursionVisualizer - DEBUG - 레이아웃 업데이트 - 전체 노드: 4, 수정된 노드: 2
2025-02-14 15:01:47,565 - RecursionVisualizer - DEBUG - 코드 하이라이트: 기저 조건
2025-02-14 15:01:48,573 - RecursionVisualizer - DEBUG - 코드 하이라이트: 기저 조건
2025-02-14 15:01:49,555 - RecursionVisualizer - DEBUG - 애니메이션 메시지: 원판 이동: A → B
2025-02-14 15:01:50,563 - RecursionVisualizer - DEBUG - 결과 업데이트: hanoi(1, A, B, C) = 원판 1 이동 완료: A → B
2025-02-14 15:01:51,555 - RecursionVisualizer - DEBUG - 함수 호출 완료: hanoi(1, A, B, C)
2025-02-14 15:01:52,573 - RecursionVisualizer - DEBUG - 코드 하이라이트: 원판 이동
2025-02-14 15:01:53,557 - RecursionVisualizer - DEBUG - 애니메이션 메시지: 원판 2 이동: A → C
2025-02-14 15:01:54,569 - RecursionVisualizer - DEBUG - 코드 하이라이트: 재귀 호출
2025-02-14 15:01:55,556 - RecursionVisualizer - DEBUG - 함수 호출 추가: hanoi(1, B, C, A)
2025-02-14 15:01:55,562 - RecursionVisualizer - DEBUG - 성능 측정 - 레이아웃 업데이트: 0.000초
2025-02-14 15:01:55,562 - RecursionVisualizer - DEBUG - 레이아웃 업데이트 - 전체 노드: 5, 수정된 노드: 3
2025-02-14 15:01:56,569 - RecursionVisualizer - DEBUG - 코드 하이라이트: 기저 조건
2025-02-14 15:01:57,561 - RecursionVisualizer - DEBUG - 코드 하이라이트: 기저 조건
2025-02-14 15:01:58,563 - RecursionVisualizer - DEBUG - 애니메이션 메시지: 원판 이동: B → C
2025-02-14 15:01:59,557 - RecursionVisualizer - DEBUG - 결과 업데이트: hanoi(1, B, C, A) = 원판 1 이동 완료: B → C
2025-02-14 15:02:00,564 - RecursionVisualizer - DEBUG - 함수 호출 완료: hanoi(1, B, C, A)
2025-02-14 15:02:01,556 - RecursionVisualizer - DEBUG - 결과 업데이트: hanoi(2, A, C, B) = 2개 원판 이동 완료
2025-02-14 15:02:02,564 - RecursionVisualizer - DEBUG - 함수 호출 완료: hanoi(2, A, C, B)
2025-02-14 15:02:03,566 - RecursionVisualizer - DEBUG - 코드 하이라이트: 원판 이동
2025-02-14 15:02:04,564 - RecursionVisualizer - DEBUG - 애니메이션 메시지: 원판 3 이동: A → B
2025-02-14 15:02:05,560 - RecursionVisualizer - DEBUG - 코드 하이라이트: 재귀 호출
2025-02-14 15:02:06,563 - RecursionVisualizer - DEBUG - 함수 호출 추가: hanoi(2, C, B, A)
2025-02-14 15:02:06,570 - RecursionVisualizer - DEBUG - 성능 측정 - 레이아웃 업데이트: 0.000초
2025-02-14 15:02:06,570 - RecursionVisualizer - DEBUG - 레이아웃 업데이트 - 전체 노드: 6, 수정된 노드: 4
2025-02-14 15:02:07,565 - RecursionVisualizer - DEBUG - 코드 하이라이트: 기저 조건
2025-02-14 15:02:08,574 - RecursionVisualizer - DEBUG - 코드 하이라이트: 재귀 호출
2025-02-14 15:02:09,556 - RecursionVisualizer - DEBUG - 함수 호출 추가: hanoi(1, C, A, B)
2025-02-14 15:02:09,563 - RecursionVisualizer - DEBUG - 성능 측정 - 레이아웃 업데이트: 0.000초
2025-02-14 15:02:09,563 - RecursionVisualizer - DEBUG - 레이아웃 업데이트 - 전체 노드: 7, 수정된 노드: 2
2025-02-14 15:02:10,575 - RecursionVisualizer - DEBUG - 코드 하이라이트: 기저 조건
2025-02-14 15:02:11,567 - RecursionVisualizer - DEBUG - 코드 하이라이트: 기저 조건
2025-02-14 15:02:12,565 - RecursionVisualizer - DEBUG - 애니메이션 메시지: 원판 이동: C → A
2025-02-14 15:02:13,556 - RecursionVisualizer - DEBUG - 결과 업데이트: hanoi(1, C, A, B) = 원판 1 이동 완료: C → A
2025-02-14 15:02:14,564 - RecursionVisualizer - DEBUG - 함수 호출 완료: hanoi(1, C, A, B)
2025-02-14 15:02:15,563 - RecursionVisualizer - DEBUG - 코드 하이라이트: 원판 이동
2025-02-14 15:02:16,563 - RecursionVisualizer - DEBUG - 애니메이션 메시지: 원판 2 이동: C → B
2025-02-14 15:02:17,565 - RecursionVisualizer - DEBUG - 코드 하이라이트: 재귀 호출
2025-02-14 15:02:18,563 - RecursionVisualizer - DEBUG - 함수 호출 추가: hanoi(1, A, B, C)
2025-02-14 15:02:18,571 - RecursionVisualizer - DEBUG - 성능 측정 - 레이아웃 업데이트: 0.000초
2025-02-14 15:02:18,571 - RecursionVisualizer - DEBUG - 레이아웃 업데이트 - 전체 노드: 8, 수정된 노드: 3
2025-02-14 15:02:19,567 - RecursionVisualizer - DEBUG - 코드 하이라이트: 기저 조건
2025-02-14 15:02:20,573 - RecursionVisualizer - DEBUG - 코드 하이라이트: 기저 조건
2025-02-14 15:02:21,555 - RecursionVisualizer - DEBUG - 애니메이션 메시지: 원판 이동: A → B
2025-02-14 15:02:22,565 - RecursionVisualizer - DEBUG - 결과 업데이트: hanoi(1, A, B, C) = 원판 1 이동 완료: A → B
2025-02-14 15:02:23,555 - RecursionVisualizer - DEBUG - 함수 호출 완료: hanoi(1, A, B, C)
2025-02-14 15:02:24,563 - RecursionVisualizer - DEBUG - 결과 업데이트: hanoi(2, C, B, A) = 2개 원판 이동 완료
2025-02-14 15:02:25,556 - RecursionVisualizer - DEBUG - 함수 호출 완료: hanoi(2, C, B, A)
2025-02-14 15:02:26,563 - RecursionVisualizer - DEBUG - 결과 업데이트: hanoi(3, A, B, C) = 3개 원판 이동 완료
2025-02-14 15:02:27,556 - RecursionVisualizer - DEBUG - 함수 호출 완료: hanoi(3, A, B, C)
2025-02-14 15:02:28,568 - RecursionVisualizer - DEBUG - 코드 하이라이트: 원판 이동
2025-02-14 15:02:29,556 - RecursionVisualizer - DEBUG - 애니메이션 메시지: 원판 4 이동: A → C
2025-02-14 15:02:30,569 - RecursionVisualizer - DEBUG - 코드 하이라이트: 재귀 호출
2025-02-14 15:02:31,556 - RecursionVisualizer - DEBUG - 함수 호출 추가: hanoi(3, B, C, A)
2025-02-14 15:02:31,562 - RecursionVisualizer - DEBUG - 성능 측정 - 레이아웃 업데이트: 0.000초
2025-02-14 15:02:31,562 - RecursionVisualizer - DEBUG - 레이아웃 업데이트 - 전체 노드: 9, 수정된 노드: 5
2025-02-14 15:02:32,569 - RecursionVisualizer - DEBUG - 코드 하이라이트: 기저 조건
2025-02-14 15:02:33,567 - RecursionVisualizer - DEBUG - 코드 하이라이트: 재귀 호출
2025-02-14 15:02:34,564 - RecursionVisualizer - DEBUG - 함수 호출 추가: hanoi(2, B, A, C)
2025-02-14 15:02:34,572 - RecursionVisualizer - DEBUG - 성능 측정 - 레이아웃 업데이트: 0.000초
2025-02-14 15:02:34,572 - RecursionVisualizer - DEBUG - 레이아웃 업데이트 - 전체 노드: 10, 수정된 노드: 2
2025-02-14 15:02:35,562 - RecursionVisualizer - DEBUG - 코드 하이라이트: 기저 조건
2025-02-14 15:02:36,568 - RecursionVisualizer - DEBUG - 코드 하이라이트: 재귀 호출
2025-02-14 15:02:37,556 - RecursionVisualizer - DEBUG - 함수 호출 추가: hanoi(1, B, C, A)
2025-02-14 15:02:37,571 - RecursionVisualizer - DEBUG - 성능 측정 - 레이아웃 업데이트: 0.000초
2025-02-14 15:02:37,572 - RecursionVisualizer - DEBUG - 레이아웃 업데이트 - 전체 노드: 11, 수정된 노드: 2
2025-02-14 15:02:38,574 - RecursionVisualizer - DEBUG - 코드 하이라이트: 기저 조건
2025-02-14 15:02:39,562 - RecursionVisualizer - DEBUG - 코드 하이라이트: 기저 조건
2025-02-14 15:02:40,564 - RecursionVisualizer - DEBUG - 애니메이션 메시지: 원판 이동: B → C
2025-02-14 15:02:41,555 - RecursionVisualizer - DEBUG - 결과 업데이트: hanoi(1, B, C, A) = 원판 1 이동 완료: B → C
2025-02-14 15:02:42,563 - RecursionVisualizer - DEBUG - 함수 호출 완료: hanoi(1, B, C, A)
2025-02-14 15:02:43,561 - RecursionVisualizer - DEBUG - 코드 하이라이트: 원판 이동
2025-02-14 15:02:44,565 - RecursionVisualizer - DEBUG - 애니메이션 메시지: 원판 2 이동: B → A
2025-02-14 15:02:45,562 - RecursionVisualizer - DEBUG - 코드 하이라이트: 재귀 호출
2025-02-14 15:02:46,563 - RecursionVisualizer - DEBUG - 함수 호출 추가: hanoi(1, C, A, B)
2025-02-14 15:02:46,570 - RecursionVisualizer - DEBUG - 성능 측정 - 레이아웃 업데이트: 0.000초
2025-02-14 15:02:46,570 - RecursionVisualizer - DEBUG - 레이아웃 업데이트 - 전체 노드: 12, 수정된 노드: 3
2025-02-14 15:02:47,568 - RecursionVisualizer - DEBUG - 코드 하이라이트: 기저 조건
2025-02-14 15:02:48,570 - RecursionVisualizer - DEBUG - 코드 하이라이트: 기저 조건
2025-02-14 15:02:49,556 - RecursionVisualizer - DEBUG - 애니메이션 메시지: 원판 이동: C → A
2025-02-14 15:02:50,565 - RecursionVisualizer - DEBUG - 결과 업데이트: hanoi(1, C, A, B) = 원판 1 이동 완료: C → A
2025-02-14 15:02:51,555 - RecursionVisualizer - DEBUG - 함수 호출 완료: hanoi(1, C, A, B)
2025-02-14 15:02:52,563 - RecursionVisualizer - DEBUG - 결과 업데이트: hanoi(2, B, A, C) = 2개 원판 이동 완료
2025-02-14 15:02:53,555 - RecursionVisualizer - DEBUG - 함수 호출 완료: hanoi(2, B, A, C)
2025-02-14 15:02:54,567 - RecursionVisualizer - DEBUG - 코드 하이라이트: 원판 이동
2025-02-14 15:02:55,555 - RecursionVisualizer - DEBUG - 애니메이션 메시지: 원판 3 이동: B → C
2025-02-14 15:02:56,568 - RecursionVisualizer - DEBUG - 코드 하이라이트: 재귀 호출
2025-02-14 15:02:57,562 - RecursionVisualizer - DEBUG - 함수 호출 추가: hanoi(2, A, C, B)
2025-02-14 15:02:57,593 - RecursionVisualizer - DEBUG - 성능 측정 - 레이아웃 업데이트: 0.000초
2025-02-14 15:02:57,593 - RecursionVisualizer - DEBUG - 레이아웃 업데이트 - 전체 노드: 13, 수정된 노드: 4
2025-02-14 15:02:58,573 - RecursionVisualizer - DEBUG - 코드 하이라이트: 기저 조건
2025-02-14 15:02:59,565 - RecursionVisualizer - DEBUG - 코드 하이라이트: 재귀 호출
2025-02-14 15:03:00,564 - RecursionVisualizer - DEBUG - 함수 호출 추가: hanoi(1, A, B, C)
2025-02-14 15:03:00,580 - RecursionVisualizer - DEBUG - 성능 측정 - 레이아웃 업데이트: 0.000초
2025-02-14 15:03:00,581 - RecursionVisualizer - DEBUG - 레이아웃 업데이트 - 전체 노드: 14, 수정된 노드: 2
2025-02-14 15:03:01,566 - RecursionVisualizer - DEBUG - 코드 하이라이트: 기저 조건
2025-02-14 15:03:02,573 - RecursionVisualizer - DEBUG - 코드 하이라이트: 기저 조건
2025-02-14 15:03:03,555 - RecursionVisualizer - DEBUG - 애니메이션 메시지: 원판 이동: A → B
2025-02-14 15:03:04,563 - RecursionVisualizer - DEBUG - 결과 업데이트: hanoi(1, A, B, C) = 원판 1 이동 완료: A → B
2025-02-14 15:03:05,555 - RecursionVisualizer - DEBUG - 함수 호출 완료: hanoi(1, A, B, C)
2025-02-14 15:03:06,571 - RecursionVisualizer - DEBUG - 코드 하이라이트: 원판 이동
2025-02-14 15:03:07,556 - RecursionVisualizer - DEBUG - 애니메이션 메시지: 원판 2 이동: A → C
2025-02-14 15:03:08,569 - RecursionVisualizer - DEBUG - 코드 하이라이트: 재귀 호출
2025-02-14 15:03:09,555 - RecursionVisualizer - DEBUG - 함수 호출 추가: hanoi(1, B, C, A)
2025-02-14 15:03:09,563 - RecursionVisualizer - DEBUG - 성능 측정 - 레이아웃 업데이트: 0.000초
2025-02-14 15:03:09,563 - RecursionVisualizer - DEBUG - 레이아웃 업데이트 - 전체 노드: 15, 수정된 노드: 3
2025-02-14 15:03:10,573 - RecursionVisualizer - DEBUG - 코드 하이라이트: 기저 조건
2025-02-14 15:03:11,565 - RecursionVisualizer - DEBUG - 코드 하이라이트: 기저 조건
2025-02-14 15:03:12,563 - RecursionVisualizer - DEBUG - 애니메이션 메시지: 원판 이동: B → C
2025-02-14 15:03:13,555 - RecursionVisualizer - DEBUG - 결과 업데이트: hanoi(1, B, C, A) = 원판 1 이동 완료: B → C
2025-02-14 15:03:14,563 - RecursionVisualizer - DEBUG - 함수 호출 완료: hanoi(1, B, C, A)
2025-02-14 15:03:15,555 - RecursionVisualizer - DEBUG - 결과 업데이트: hanoi(2, A, C, B) = 2개 원판 이동 완료
2025-02-14 15:03:16,563 - RecursionVisualizer - DEBUG - 함수 호출 완료: hanoi(2, A, C, B)
2025-02-14 15:03:17,555 - RecursionVisualizer - DEBUG - 결과 업데이트: hanoi(3, B, C, A) = 3개 원판 이동 완료
2025-02-14 15:03:18,563 - RecursionVisualizer - DEBUG - 함수 호출 완료: hanoi(3, B, C, A)
2025-02-14 15:03:19,555 - RecursionVisualizer - DEBUG - 결과 업데이트: hanoi(4, A, C, B) = 4개 원판 이동 완료
2025-02-14 15:03:20,563 - RecursionVisualizer - DEBUG - 함수 호출 완료: hanoi(4, A, C, B)
2025-02-14 15:03:21,556 - RecursionVisualizer - INFO - 시뮬레이션 완료
